  Main.cpp
C:\Users\Malte\Projects\StarFighter\include\River\River\Primitives\Color.h(39,43): warning C4305: 'argument': truncation from 'double' to 'float'
C:\Users\Malte\Projects\StarFighter\include\River\River\Vendor\RiverECS\ECS\ComponentTypeRegistry.h(36,1): warning C4267: 'return': conversion from 'size_t' to 'unsigned int', possible loss of data
C:\Users\Malte\Projects\StarFighter\include\River\River\Graphics\SpriteAnimation\SpriteAnimation.h(69,11): warning C4244: 'return': conversion from 'float' to 'unsigned int', possible loss of data
C:\Users\Malte\Projects\StarFighter\include\River\River\Graphics\SpriteAnimation\SpriteAnimationSystem.h(30,1): warning C4244: '+=': conversion from 'double' to 'float', possible loss of data
C:\Users\Malte\Projects\StarFighter\include\River\River\Vendor\RiverECS\ECS\Domain.h(69): message : see reference to function template instantiation 'void River::ECS::SpriteAnimationSystem::update::<lambda_1>::operator ()<River::ECS::Entity*>(_T1 &,River::ECS::AnimatedSprite *,River::ECS::Sprite *) const' being compiled
          with
          [
              _T1=River::ECS::Entity *
          ]
C:\Users\Malte\Projects\StarFighter\include\River\River\Graphics\SpriteAnimation\SpriteAnimationSystem.h(30): message : see reference to function template instantiation 'void River::ECS::Domain::forEachEntity<River::ECS::AnimatedSprite,River::ECS::Sprite,River::ECS::SpriteAnimationSystem::update::<lambda_1>>(Func)' being compiled
          with
          [
              Func=River::ECS::SpriteAnimationSystem::update::<lambda_1>
          ]
C:\Users\Malte\Projects\StarFighter\include\River\River\Vendor\RiverECS\ECS\Domain.h(133,28): warning C4018: '<=': signed/unsigned mismatch
C:\Users\Malte\Projects\StarFighter\include\River\River\Vendor\RiverECS\ECS\Domain.h(140): message : see reference to function template instantiation 'void River::ECS::Domain::addComponentTypeToSignature<CFirst>(River::ECS::Signature &)' being compiled
          with
          [
              CFirst=River::ECS::AnimatedSprite
          ]
C:\Users\Malte\Projects\StarFighter\include\River\River\Vendor\RiverECS\ECS\Domain.h(69): message : see reference to function template instantiation 'void River::ECS::Domain::addComponentTypeToSignature<River::ECS::AnimatedSprite,River::ECS::Sprite,>(River::ECS::Signature &)' being compiled
C:\Users\Malte\Projects\StarFighter\include\River\River\Graphics\SpriteAnimation\SpriteAnimationSystem.h(30): message : see reference to function template instantiation 'void River::ECS::Domain::forEachEntity<River::ECS::AnimatedSprite,River::ECS::Sprite,River::ECS::SpriteAnimationSystem::update::<lambda_1>>(Func)' being compiled
          with
          [
              Func=River::ECS::SpriteAnimationSystem::update::<lambda_1>
          ]
LINK : warning LNK4098: defaultlib 'MSVCRT' conflicts with use of other libs; use /NODEFAULTLIB:library
  StarFighter.vcxproj -> C:\Users\Malte\Projects\StarFighter\build\bin\Debug-x64\StarFighter.exe
  File not found - *.dll
  0 File(s) copied
